[2023-04-25 00:04:46] INFO root fetch - main [MainThread]: Get Changelog since Serial: [17839937]
[2023-04-25 00:04:51] INFO root fetch - main [MainThread]: Found 11 changed packages
[2023-04-25 00:04:51] INFO root fetch - processPackages [ThreadPoolExecutor-0_0]: Start processing: HR-Neural-Networks
[2023-04-25 00:04:51] INFO root fetch - processPackages [ThreadPoolExecutor-0_1]: Start processing: otlmow-converter
[2023-04-25 00:04:51] INFO root fetch - processPackages [ThreadPoolExecutor-0_2]: Start processing: yatracker-linker
[2023-04-25 00:04:51] INFO root fetch - processPackages [ThreadPoolExecutor-0_3]: Start processing: ml-wrappers
[2023-04-25 00:04:51] INFO root fetch - processPackages [ThreadPoolExecutor-0_4]: Start processing: colorfultxt
[2023-04-25 00:04:51] INFO root fetch - processPackages [ThreadPoolExecutor-0_5]: Start processing: always-updates
[2023-04-25 00:04:51] INFO root fetch - processPackages [ThreadPoolExecutor-0_6]: Start processing: ccxt
[2023-04-25 00:04:51] INFO root fetch - processPackages [ThreadPoolExecutor-0_7]: Start processing: bizlogic
[2023-04-25 00:04:51] INFO root fetch - processPackages [ThreadPoolExecutor-0_8]: Start processing: always-updates
[2023-04-25 00:04:51] INFO root fetch - processPackages [ThreadPoolExecutor-0_9]: Start processing: streamlit-lang-tts
[2023-04-25 00:04:51] INFO root fetch - processPackages [HR-Neural-Networks]: New version: [1.0.4] Old Version: [1.0.3]
[2023-04-25 00:04:51] WARNING root fetch - processPackages [colorfultxt]: Skipping, unable to determine old version
[2023-04-25 00:04:51] INFO root fetch - processPackages [colorfultxt]: Start processing: playsoundsimple.py
[2023-04-25 00:04:51] INFO root fetch - processPackages [ml-wrappers]: New version: [0.4.8] Old Version: [0.4.7]
[2023-04-25 00:04:51] INFO root fetch - main [MainThread]: End processing [colorfultxt] error
[2023-04-25 00:04:51] INFO root fetch - processPackages [otlmow-converter]: New version: [0.9] Old Version: [0.8]
[2023-04-25 00:04:51] INFO root fetch - processPackages [yatracker-linker]: New version: [0.1.9] Old Version: [0.1.8]
[2023-04-25 00:04:51] WARNING root fetch - processPackages [streamlit-lang-tts]: Skipping, unable to determine old version
[2023-04-25 00:04:51] INFO root fetch - main [MainThread]: End processing [streamlit-lang-tts] error
[2023-04-25 00:04:51] INFO root fetch - processPackages [bizlogic]: New version: [0.0.9] Old Version: [0.0.8]
[2023-04-25 00:04:51] INFO root fetch - processPackages [ccxt]: New version: [3.0.9] Old Version: [3.0.8]
[2023-04-25 00:04:51] INFO root fetch - processPackages [always-updates]: New version: [99.9] Old Version: [99.8]
[2023-04-25 00:04:51] INFO root fetch - processPackages [always-updates]: New version: [99.9] Old Version: [99.8]
[2023-04-25 00:04:51] INFO root fetch - processPackages [yatracker-linker]: executing diffoscope
[2023-04-25 00:04:51] INFO root fetch - processPackages [yatracker-linker]: podman run --user 0:0 --rm -w /home/abi/fetcher -v /home/abi/fetcher/tmp:/home/abi/fetcher/tmp:ro -v /home/abi/fetcher/20230425:/home/abi/fetcher/20230425:rw registry.salsa.debian.org/reproducible-builds/diffoscope --no-progress tmp/yatracker_linker-0.1.8.tar.gz tmp/yatracker_linker-0.1.9.tar.gz --markdown 20230425/y/yatracker-linker/0.1.8-0.1.9/diff.md --exclude *.pyd
[2023-04-25 00:04:51] INFO root fetch - processPackages [always-updates]: executing diffoscope
[2023-04-25 00:04:51] INFO root fetch - processPackages [always-updates]: podman run --user 0:0 --rm -w /home/abi/fetcher -v /home/abi/fetcher/tmp:/home/abi/fetcher/tmp:ro -v /home/abi/fetcher/20230425:/home/abi/fetcher/20230425:rw registry.salsa.debian.org/reproducible-builds/diffoscope --no-progress tmp/always_updates-99.8.tar.gz tmp/always_updates-99.9.tar.gz --markdown 20230425/a/always-updates/99.8-99.9/diff.md --exclude *.pyd
[2023-04-25 00:04:51] INFO root fetch - processPackages [ml-wrappers]: Downloading https://files.pythonhosted.org/packages/19/4b/30ce7ef3696c7b563b4c84579ae5bdbece6fb4c751e9b00f5135cd835497/ml_wrappers-0.4.7.tar.gz
[2023-04-25 00:04:51] INFO root fetch - processPackages [playsoundsimple.py]: New version: [0.6.0] Old Version: [0.5.5]
[2023-04-25 00:04:51] INFO root fetch - processPackages [always-updates]: executing diffoscope
[2023-04-25 00:04:51] INFO root fetch - processPackages [always-updates]: podman run --user 0:0 --rm -w /home/abi/fetcher -v /home/abi/fetcher/tmp:/home/abi/fetcher/tmp:ro -v /home/abi/fetcher/20230425:/home/abi/fetcher/20230425:rw registry.salsa.debian.org/reproducible-builds/diffoscope --no-progress tmp/always_updates-99.8.tar.gz tmp/always_updates-99.9.tar.gz --markdown 20230425/a/always-updates/99.8-99.9/diff.md --exclude *.pyd
[2023-04-25 00:04:51] INFO root fetch - processPackages [bizlogic]: executing diffoscope
[2023-04-25 00:04:51] INFO root fetch - processPackages [bizlogic]: podman run --user 0:0 --rm -w /home/abi/fetcher -v /home/abi/fetcher/tmp:/home/abi/fetcher/tmp:ro -v /home/abi/fetcher/20230425:/home/abi/fetcher/20230425:rw registry.salsa.debian.org/reproducible-builds/diffoscope --no-progress tmp/bizlogic-0.0.8.tar.gz tmp/bizlogic-0.0.9.tar.gz --markdown 20230425/b/bizlogic/0.0.8-0.0.9/diff.md --exclude *.pyd
[2023-04-25 00:04:52] INFO root fetch - processPackages [otlmow-converter]: Downloading https://files.pythonhosted.org/packages/d8/9b/c7bb2f438cff3f42c7b57717f8e8928f896a1e04ebcff851e5cc79bf3883/otlmow_converter-0.8.tar.gz
[2023-04-25 00:04:52] INFO root fetch - processPackages [HR-Neural-Networks]: Downloading https://files.pythonhosted.org/packages/c5/a6/2d3987a73375858bea4ba502036dd0790be10b903bab48fcab4312eb40fd/HR_Neural_Networks-1.0.3.tar.gz
[2023-04-25 00:04:52] INFO root fetch - processPackages [playsoundsimple.py]: Downloading https://files.pythonhosted.org/packages/4e/79/2c8d4b82a3ab238af03b0657222a75714e51082b9748a8b2662778d0ac28/playsoundsimple.py-0.5.5-py3-none-any.whl
[2023-04-25 00:04:52] INFO root fetch - processPackages [ccxt]: Downloading https://files.pythonhosted.org/packages/2e/4c/3a51164f4c0a21fb3df247be9849d627a1182449b0fb9006d67cef7adf30/ccxt-3.0.8.tar.gz
[2023-04-25 00:04:52] INFO root fetch - processPackages [ml-wrappers]: Downloading https://files.pythonhosted.org/packages/05/8b/07ee2700efc8370d552866093f0a0e6ff9703fd8c697dfdfd0c3fb7e294f/ml_wrappers-0.4.8.tar.gz
[2023-04-25 00:04:52] INFO root fetch - processPackages [ml-wrappers]: executing diffoscope
[2023-04-25 00:04:52] INFO root fetch - processPackages [ml-wrappers]: podman run --user 0:0 --rm -w /home/abi/fetcher -v /home/abi/fetcher/tmp:/home/abi/fetcher/tmp:ro -v /home/abi/fetcher/20230425:/home/abi/fetcher/20230425:rw registry.salsa.debian.org/reproducible-builds/diffoscope --no-progress tmp/ml_wrappers-0.4.7.tar.gz tmp/ml_wrappers-0.4.8.tar.gz --markdown 20230425/m/ml-wrappers/0.4.7-0.4.8/diff.md --exclude *.pyd
[2023-04-25 00:04:52] INFO root fetch - processPackages [otlmow-converter]: Downloading https://files.pythonhosted.org/packages/0d/10/0291fca193db6bde455c97caa90df2aad98730c3c257da351667da3a8116/otlmow_converter-0.9.tar.gz
[2023-04-25 00:04:52] INFO root fetch - processPackages [HR-Neural-Networks]: Downloading https://files.pythonhosted.org/packages/0d/3e/87a684ca60e33b050d6f1544121f2b9e9a9aec04e080a2ecc669a12c1fad/HR_Neural_Networks-1.0.4.tar.gz
[2023-04-25 00:04:52] INFO root fetch - processPackages [HR-Neural-Networks]: executing diffoscope
[2023-04-25 00:04:52] INFO root fetch - processPackages [HR-Neural-Networks]: podman run --user 0:0 --rm -w /home/abi/fetcher -v /home/abi/fetcher/tmp:/home/abi/fetcher/tmp:ro -v /home/abi/fetcher/20230425:/home/abi/fetcher/20230425:rw registry.salsa.debian.org/reproducible-builds/diffoscope --no-progress tmp/HR_Neural_Networks-1.0.3.tar.gz tmp/HR_Neural_Networks-1.0.4.tar.gz --markdown 20230425/H/HR-Neural-Networks/1.0.3-1.0.4/diff.md --exclude *.pyd
[2023-04-25 00:04:52] INFO root fetch - processPackages [otlmow-converter]: executing diffoscope
[2023-04-25 00:04:52] INFO root fetch - processPackages [otlmow-converter]: podman run --user 0:0 --rm -w /home/abi/fetcher -v /home/abi/fetcher/tmp:/home/abi/fetcher/tmp:ro -v /home/abi/fetcher/20230425:/home/abi/fetcher/20230425:rw registry.salsa.debian.org/reproducible-builds/diffoscope --no-progress tmp/otlmow_converter-0.8.tar.gz tmp/otlmow_converter-0.9.tar.gz --markdown 20230425/o/otlmow-converter/0.8-0.9/diff.md --exclude *.pyd
[2023-04-25 00:04:52] INFO root fetch - processPackages [ccxt]: Downloading https://files.pythonhosted.org/packages/8e/7d/1f94d2f0fc89bf8708b279ddd82d30cd2d69c098b14f9d8e0c63f464a35e/ccxt-3.0.9.tar.gz
[2023-04-25 00:04:53] INFO root fetch - main [MainThread]: End processing [always-updates]: success
[2023-04-25 00:04:53] INFO root fetch - main [MainThread]: End processing [ml-wrappers]: success
[2023-04-25 00:04:53] INFO root fetch - main [MainThread]: End processing [yatracker-linker]: success
[2023-04-25 00:04:54] INFO root fetch - main [MainThread]: End processing [otlmow-converter]: success
[2023-04-25 00:04:54] INFO root fetch - main [MainThread]: End processing [bizlogic]: success
[2023-04-25 00:04:54] INFO root fetch - main [MainThread]: End processing [always-updates]: success
[2023-04-25 00:04:55] INFO root fetch - main [MainThread]: End processing [HR-Neural-Networks]: success
[2023-04-25 00:04:55] INFO root fetch - processPackages [playsoundsimple.py]: Downloading https://files.pythonhosted.org/packages/72/fe/cfa3d8b3392b087f4420baab729c89f699e349d28c4fd419733a140b7758/playsoundsimple.py-0.6.0-py3-none-any.whl
[2023-04-25 00:04:56] INFO root fetch - processPackages [ccxt]: executing diffoscope
[2023-04-25 00:04:56] INFO root fetch - processPackages [ccxt]: podman run --user 0:0 --rm -w /home/abi/fetcher -v /home/abi/fetcher/tmp:/home/abi/fetcher/tmp:ro -v /home/abi/fetcher/20230425:/home/abi/fetcher/20230425:rw registry.salsa.debian.org/reproducible-builds/diffoscope --no-progress tmp/ccxt-3.0.8.tar.gz tmp/ccxt-3.0.9.tar.gz --markdown 20230425/c/ccxt/3.0.8-3.0.9/diff.md --exclude *.pyd
[2023-04-25 00:04:59] INFO root fetch - processPackages [playsoundsimple.py]: executing diffoscope
[2023-04-25 00:04:59] INFO root fetch - processPackages [playsoundsimple.py]: podman run --user 0:0 --rm -w /home/abi/fetcher -v /home/abi/fetcher/tmp:/home/abi/fetcher/tmp:ro -v /home/abi/fetcher/20230425:/home/abi/fetcher/20230425:rw registry.salsa.debian.org/reproducible-builds/diffoscope --no-progress tmp/playsoundsimple.py-0.5.5-py3-none-any.whl.zip tmp/playsoundsimple.py-0.6.0-py3-none-any.whl.zip --markdown 20230425/p/playsoundsimple.py/0.5.5-0.6.0/diff.md --exclude *.pyd
[2023-04-25 00:05:00] INFO root fetch - main [MainThread]: End processing [playsoundsimple.py]: success
[2023-04-25 00:05:01] INFO root fetch - main [MainThread]: End processing [ccxt]: success
[2023-04-25 00:05:01] INFO root fetch - main [MainThread]: Store serial: [17839974]
[2023-04-25 00:10:05] INFO root fetch - main [MainThread]: Get Changelog since Serial: [17839974]
[2023-04-25 00:10:10] INFO root fetch - main [MainThread]: Found 9 changed packages
[2023-04-25 00:10:10] INFO root fetch - processPackages [ThreadPoolExecutor-0_0]: Start processing: playsoundsimple.py
[2023-04-25 00:10:10] INFO root fetch - processPackages [ThreadPoolExecutor-0_1]: Start processing: megamock
[2023-04-25 00:10:10] INFO root fetch - processPackages [ThreadPoolExecutor-0_2]: Start processing: q2rad
[2023-04-25 00:10:10] INFO root fetch - processPackages [ThreadPoolExecutor-0_3]: Start processing: bizlogic
[2023-04-25 00:10:10] INFO root fetch - processPackages [ThreadPoolExecutor-0_4]: Start processing: start-html-tag-helpers
[2023-04-25 00:10:10] INFO root fetch - processPackages [ThreadPoolExecutor-0_5]: Start processing: EclipsingBinaries
[2023-04-25 00:10:10] INFO root fetch - processPackages [ThreadPoolExecutor-0_6]: Start processing: django-admin-search
[2023-04-25 00:10:10] INFO root fetch - processPackages [ThreadPoolExecutor-0_7]: Start processing: bs-orm
[2023-04-25 00:10:10] INFO root fetch - processPackages [ThreadPoolExecutor-0_8]: Start processing: apread
[2023-04-25 00:10:10] INFO root fetch - processPackages [EclipsingBinaries]: New version: [2.8.4a3] Old Version: [2.8.4a2]
[2023-04-25 00:10:10] INFO root fetch - processPackages [django-admin-search]: New version: [0.3.9] Old Version: [0.3.8]
[2023-04-25 00:10:10] INFO root fetch - processPackages [megamock]: New version: [0.1.0b1] Old Version: [0.1.0a8]
[2023-04-25 00:10:10] WARNING root fetch - processPackages [start-html-tag-helpers]: Skipping, unable to determine old version
[2023-04-25 00:10:10] INFO root fetch - main [MainThread]: End processing [start-html-tag-helpers] error
[2023-04-25 00:10:10] INFO root fetch - processPackages [playsoundsimple.py]: New version: [0.6.0] Old Version: [0.5.5]
[2023-04-25 00:10:10] INFO root fetch - processPackages [bizlogic]: New version: [0.0.9] Old Version: [0.0.8]
[2023-04-25 00:10:10] INFO root fetch - processPackages [q2rad]: New version: [0.1.99] Old Version: [0.1.98]
[2023-04-25 00:10:10] INFO root fetch - processPackages [apread]: New version: [1.1.1a1] Old Version: [1.1.0]
[2023-04-25 00:10:10] WARNING root fetch - processPackages [bs-orm]: Skipping, unable to determine old version
[2023-04-25 00:10:10] INFO root fetch - main [MainThread]: End processing [bs-orm] error
[2023-04-25 00:10:10] INFO root fetch - processPackages [q2rad]: Downloading https://files.pythonhosted.org/packages/80/49/6ec4d4467c701099cbfa21472d6b7c426277eeae8e82db973157f4077dd1/q2rad-0.1.98.tar.gz
[2023-04-25 00:10:10] INFO root fetch - processPackages [django-admin-search]: executing diffoscope
[2023-04-25 00:10:10] INFO root fetch - processPackages [django-admin-search]: podman run --user 0:0 --rm -w /home/abi/fetcher -v /home/abi/fetcher/tmp:/home/abi/fetcher/tmp:ro -v /home/abi/fetcher/20230425:/home/abi/fetcher/20230425:rw registry.salsa.debian.org/reproducible-builds/diffoscope --no-progress tmp/django-admin-search-0.3.8.tar.gz tmp/django-admin-search-0.3.9.tar.gz --markdown 20230425/d/django-admin-search/0.3.8-0.3.9/diff.md --exclude *.pyd
[2023-04-25 00:10:10] INFO root fetch - processPackages [EclipsingBinaries]: Downloading https://files.pythonhosted.org/packages/1b/30/66a2fdf8cc654bcb5d3b01b3e6ba0c7ff937536e23a16595f872afdbb515/EclipsingBinaries-2.8.4a2.tar.gz
[2023-04-25 00:10:10] INFO root fetch - processPackages [megamock]: Downloading https://files.pythonhosted.org/packages/23/33/c7d9f7e189becc5f2dc15bb53d09a3f4fb8553286b4e0005d3a1e4f52fa5/megamock-0.1.0a8.tar.gz
[2023-04-25 00:10:10] INFO root fetch - processPackages [bizlogic]: executing diffoscope
[2023-04-25 00:10:10] INFO root fetch - processPackages [bizlogic]: podman run --user 0:0 --rm -w /home/abi/fetcher -v /home/abi/fetcher/tmp:/home/abi/fetcher/tmp:ro -v /home/abi/fetcher/20230425:/home/abi/fetcher/20230425:rw registry.salsa.debian.org/reproducible-builds/diffoscope --no-progress tmp/bizlogic-0.0.8.tar.gz tmp/bizlogic-0.0.9.tar.gz --markdown 20230425/b/bizlogic/0.0.8-0.0.9/diff.md --exclude *.pyd
[2023-04-25 00:10:10] INFO root fetch - processPackages [playsoundsimple.py]: executing diffoscope
[2023-04-25 00:10:10] INFO root fetch - processPackages [playsoundsimple.py]: podman run --user 0:0 --rm -w /home/abi/fetcher -v /home/abi/fetcher/tmp:/home/abi/fetcher/tmp:ro -v /home/abi/fetcher/20230425:/home/abi/fetcher/20230425:rw registry.salsa.debian.org/reproducible-builds/diffoscope --no-progress tmp/playsoundsimple.py-0.5.5-py3-none-any.whl.zip tmp/playsoundsimple.py-0.6.0-py3-none-any.whl.zip --markdown 20230425/p/playsoundsimple.py/0.5.5-0.6.0/diff.md --exclude *.pyd
[2023-04-25 00:10:10] INFO root fetch - processPackages [apread]: executing diffoscope
[2023-04-25 00:10:10] INFO root fetch - processPackages [apread]: podman run --user 0:0 --rm -w /home/abi/fetcher -v /home/abi/fetcher/tmp:/home/abi/fetcher/tmp:ro -v /home/abi/fetcher/20230425:/home/abi/fetcher/20230425:rw registry.salsa.debian.org/reproducible-builds/diffoscope --no-progress tmp/apread-1.1.0.tar.gz tmp/apread-1.1.1a1.tar.gz --markdown 20230425/a/apread/1.1.0-1.1.1a1/diff.md --exclude *.pyd
[2023-04-25 00:10:10] INFO root fetch - processPackages [q2rad]: Downloading https://files.pythonhosted.org/packages/47/0e/9309c87c362671a5eef5895adc1cb5d29e984c27a0e09a60a83cada10f73/q2rad-0.1.99.tar.gz
[2023-04-25 00:10:10] INFO root fetch - processPackages [EclipsingBinaries]: Downloading https://files.pythonhosted.org/packages/9f/d6/2062cfecf595fe021cff0fc553d0300c776eeab7aa14601c0ff2d74f00c8/EclipsingBinaries-2.8.4a3.tar.gz
[2023-04-25 00:10:10] INFO root fetch - processPackages [q2rad]: executing diffoscope
[2023-04-25 00:10:10] INFO root fetch - processPackages [q2rad]: podman run --user 0:0 --rm -w /home/abi/fetcher -v /home/abi/fetcher/tmp:/home/abi/fetcher/tmp:ro -v /home/abi/fetcher/20230425:/home/abi/fetcher/20230425:rw registry.salsa.debian.org/reproducible-builds/diffoscope --no-progress tmp/q2rad-0.1.98.tar.gz tmp/q2rad-0.1.99.tar.gz --markdown 20230425/q/q2rad/0.1.98-0.1.99/diff.md --exclude *.pyd
[2023-04-25 00:10:11] INFO root fetch - processPackages [EclipsingBinaries]: executing diffoscope
[2023-04-25 00:10:11] INFO root fetch - processPackages [EclipsingBinaries]: podman run --user 0:0 --rm -w /home/abi/fetcher -v /home/abi/fetcher/tmp:/home/abi/fetcher/tmp:ro -v /home/abi/fetcher/20230425:/home/abi/fetcher/20230425:rw registry.salsa.debian.org/reproducible-builds/diffoscope --no-progress tmp/EclipsingBinaries-2.8.4a2.tar.gz tmp/EclipsingBinaries-2.8.4a3.tar.gz --markdown 20230425/E/EclipsingBinaries/2.8.4a2-2.8.4a3/diff.md --exclude *.pyd
[2023-04-25 00:10:12] INFO root fetch - main [MainThread]: End processing [bizlogic]: success
[2023-04-25 00:10:12] INFO root fetch - main [MainThread]: End processing [q2rad]: success
[2023-04-25 00:10:12] INFO root fetch - processPackages [megamock]: Downloading https://files.pythonhosted.org/packages/a8/25/f3c01e9faeba835efd4bcf4f84698ef9c1821fc232fde9d1f215d9df83bd/megamock-0.1.0b1.tar.gz
[2023-04-25 00:10:12] INFO root fetch - main [MainThread]: End processing [apread]: success
[2023-04-25 00:10:12] INFO root fetch - processPackages [megamock]: executing diffoscope
[2023-04-25 00:10:12] INFO root fetch - processPackages [megamock]: podman run --user 0:0 --rm -w /home/abi/fetcher -v /home/abi/fetcher/tmp:/home/abi/fetcher/tmp:ro -v /home/abi/fetcher/20230425:/home/abi/fetcher/20230425:rw registry.salsa.debian.org/reproducible-builds/diffoscope --no-progress tmp/megamock-0.1.0a8.tar.gz tmp/megamock-0.1.0b1.tar.gz --markdown 20230425/m/megamock/0.1.0a8-0.1.0b1/diff.md --exclude *.pyd
[2023-04-25 00:10:12] INFO root fetch - main [MainThread]: End processing [EclipsingBinaries]: success
[2023-04-25 00:10:12] INFO root fetch - main [MainThread]: End processing [django-admin-search]: success
[2023-04-25 00:10:12] INFO root fetch - main [MainThread]: End processing [playsoundsimple.py]: success
[2023-04-25 00:10:13] INFO root fetch - main [MainThread]: End processing [megamock]: success
[2023-04-25 00:10:13] INFO root fetch - main [MainThread]: Store serial: [17840004]
[2023-04-25 00:15:17] INFO root fetch - main [MainThread]: Get Changelog since Serial: [17840004]
[2023-04-25 00:15:22] INFO root fetch - main [MainThread]: Found 6 changed packages
[2023-04-25 00:15:22] INFO root fetch - processPackages [ThreadPoolExecutor-0_0]: Start processing: OrderLib
[2023-04-25 00:15:22] INFO root fetch - processPackages [ThreadPoolExecutor-0_1]: Start processing: streamp3
[2023-04-25 00:15:22] INFO root fetch - processPackages [ThreadPoolExecutor-0_2]: Start processing: streamp3
[2023-04-25 00:15:22] INFO root fetch - processPackages [ThreadPoolExecutor-0_3]: Start processing: pymwr
[2023-04-25 00:15:22] INFO root fetch - processPackages [ThreadPoolExecutor-0_4]: Start processing: juriscraper
[2023-04-25 00:15:22] INFO root fetch - processPackages [ThreadPoolExecutor-0_5]: Start processing: pyweatherflowudp
[2023-04-25 00:15:22] INFO root fetch - processPackages [streamp3]: New version: [0.1.9] Old Version: [0.1.8]
[2023-04-25 00:15:22] WARNING root fetch - processPackages [OrderLib]: Skipping, unable to determine old version
[2023-04-25 00:15:22] WARNING root fetch - processPackages [pymwr]: Skipping, unable to determine old version
[2023-04-25 00:15:22] INFO root fetch - processPackages [pyweatherflowudp]: New version: [1.4.2] Old Version: [1.4.1]
[2023-04-25 00:15:22] INFO root fetch - main [MainThread]: End processing [OrderLib] error
[2023-04-25 00:15:22] INFO root fetch - main [MainThread]: End processing [pymwr] error
[2023-04-25 00:15:22] INFO root fetch - processPackages [streamp3]: New version: [0.1.9] Old Version: [0.1.8]
[2023-04-25 00:15:22] INFO root fetch - processPackages [juriscraper]: New version: [2.5.9] Old Version: [2.5.8]
[2023-04-25 00:15:22] INFO root fetch - processPackages [streamp3]: executing diffoscope
[2023-04-25 00:15:22] INFO root fetch - processPackages [streamp3]: podman run --user 0:0 --rm -w /home/abi/fetcher -v /home/abi/fetcher/tmp:/home/abi/fetcher/tmp:ro -v /home/abi/fetcher/20230425:/home/abi/fetcher/20230425:rw registry.salsa.debian.org/reproducible-builds/diffoscope --no-progress tmp/streamp3-0.1.8.tar.gz tmp/streamp3-0.1.9.tar.gz --markdown 20230425/s/streamp3/0.1.8-0.1.9/diff.md --exclude *.pyd
[2023-04-25 00:15:22] INFO root fetch - processPackages [streamp3]: executing diffoscope
[2023-04-25 00:15:22] INFO root fetch - processPackages [streamp3]: podman run --user 0:0 --rm -w /home/abi/fetcher -v /home/abi/fetcher/tmp:/home/abi/fetcher/tmp:ro -v /home/abi/fetcher/20230425:/home/abi/fetcher/20230425:rw registry.salsa.debian.org/reproducible-builds/diffoscope --no-progress tmp/streamp3-0.1.8.tar.gz tmp/streamp3-0.1.9.tar.gz --markdown 20230425/s/streamp3/0.1.8-0.1.9/diff.md --exclude *.pyd
[2023-04-25 00:15:22] INFO root fetch - processPackages [pyweatherflowudp]: Downloading https://files.pythonhosted.org/packages/fe/5b/90772f50360d23cb7f729a6e8679b50c43a5343d3da47908af15a2e9d3aa/pyweatherflowudp-1.4.1.tar.gz
[2023-04-25 00:15:23] INFO root fetch - processPackages [juriscraper]: Downloading https://files.pythonhosted.org/packages/06/e9/d9736ce605b0adb715a2da5d2f72437623aabd121bdcd4161eac596aa495/juriscraper-2.5.8.tar.gz
[2023-04-25 00:15:23] INFO root fetch - processPackages [pyweatherflowudp]: Downloading https://files.pythonhosted.org/packages/50/00/75a505208302ab8099ddb515f409b566f044d1f8c06345cc668f4af61a01/pyweatherflowudp-1.4.2.tar.gz
[2023-04-25 00:15:23] INFO root fetch - processPackages [pyweatherflowudp]: executing diffoscope
[2023-04-25 00:15:23] INFO root fetch - processPackages [pyweatherflowudp]: podman run --user 0:0 --rm -w /home/abi/fetcher -v /home/abi/fetcher/tmp:/home/abi/fetcher/tmp:ro -v /home/abi/fetcher/20230425:/home/abi/fetcher/20230425:rw registry.salsa.debian.org/reproducible-builds/diffoscope --no-progress tmp/pyweatherflowudp-1.4.1.tar.gz tmp/pyweatherflowudp-1.4.2.tar.gz --markdown 20230425/p/pyweatherflowudp/1.4.1-1.4.2/diff.md --exclude *.pyd
[2023-04-25 00:15:23] INFO root fetch - processPackages [juriscraper]: Downloading https://files.pythonhosted.org/packages/5f/25/693a53a8b0f40a035585409fb51a372b6f0292d864d13a6feac4974db145/juriscraper-2.5.9.tar.gz
[2023-04-25 00:15:23] INFO root fetch - processPackages [juriscraper]: executing diffoscope
[2023-04-25 00:15:23] INFO root fetch - processPackages [juriscraper]: podman run --user 0:0 --rm -w /home/abi/fetcher -v /home/abi/fetcher/tmp:/home/abi/fetcher/tmp:ro -v /home/abi/fetcher/20230425:/home/abi/fetcher/20230425:rw registry.salsa.debian.org/reproducible-builds/diffoscope --no-progress tmp/juriscraper-2.5.8.tar.gz tmp/juriscraper-2.5.9.tar.gz --markdown 20230425/j/juriscraper/2.5.8-2.5.9/diff.md --exclude *.pyd
[2023-04-25 00:15:24] INFO root fetch - main [MainThread]: End processing [streamp3]: success
[2023-04-25 00:15:24] INFO root fetch - main [MainThread]: End processing [streamp3]: success
[2023-04-25 00:15:24] INFO root fetch - main [MainThread]: End processing [pyweatherflowudp]: success
[2023-04-25 00:15:27] INFO root fetch - main [MainThread]: End processing [juriscraper]: success
[2023-04-25 00:15:27] INFO root fetch - main [MainThread]: Store serial: [17840060]
[2023-04-25 00:20:30] INFO root fetch - main [MainThread]: Get Changelog since Serial: [17840060]
[2023-04-25 00:20:35] INFO root fetch - main [MainThread]: Found 9 changed packages
[2023-04-25 00:20:35] INFO root fetch - processPackages [ThreadPoolExecutor-0_0]: Start processing: domolibrary
[2023-04-25 00:20:35] INFO root fetch - processPackages [ThreadPoolExecutor-0_1]: Start processing: cochleogram
[2023-04-25 00:20:35] INFO root fetch - processPackages [ThreadPoolExecutor-0_2]: Start processing: tweepy
[2023-04-25 00:20:35] INFO root fetch - processPackages [ThreadPoolExecutor-0_3]: Start processing: yatracker-linker
[2023-04-25 00:20:35] INFO root fetch - processPackages [ThreadPoolExecutor-0_4]: Start processing: pash-annotations
[2023-04-25 00:20:35] INFO root fetch - processPackages [ThreadPoolExecutor-0_5]: Start processing: dynast
[2023-04-25 00:20:35] INFO root fetch - processPackages [ThreadPoolExecutor-0_6]: Start processing: perfect-physics
[2023-04-25 00:20:35] INFO root fetch - processPackages [ThreadPoolExecutor-0_7]: Start processing: discovery-transition-ds
[2023-04-25 00:20:35] INFO root fetch - processPackages [ThreadPoolExecutor-0_8]: Start processing: streamlit-lang-tts
[2023-04-25 00:20:35] INFO root fetch - processPackages [domolibrary]: New version: [0.0.9] Old Version: [0.0.83]
[2023-04-25 00:20:35] INFO root fetch - processPackages [dynast]: New version: [1.1.1rc1] Old Version: [1.1.0rc4]
[2023-04-25 00:20:35] INFO root fetch - processPackages [pash-annotations]: New version: [0.2.1] Old Version: [0.2]
[2023-04-25 00:20:35] INFO root fetch - processPackages [cochleogram]: New version: [0.1.8] Old Version: [0.1.7]
[2023-04-25 00:20:35] INFO root fetch - processPackages [perfect-physics]: New version: [0.1.6] Old Version: [0.1.5]
[2023-04-25 00:20:35] INFO root fetch - processPackages [streamlit-lang-tts]: New version: [0.0.2] Old Version: [0.0.1]
[2023-04-25 00:20:35] INFO root fetch - processPackages [yatracker-linker]: New version: [0.1.9] Old Version: [0.1.8]
[2023-04-25 00:20:35] INFO root fetch - processPackages [tweepy]: New version: [4.9.0] Old Version: [4.8.0]
[2023-04-25 00:20:35] INFO root fetch - processPackages [discovery-transition-ds]: New version: [4.9.9] Old Version: [4.9.8]
[2023-04-25 00:20:35] INFO root fetch - processPackages [yatracker-linker]: executing diffoscope
[2023-04-25 00:20:35] INFO root fetch - processPackages [yatracker-linker]: podman run --user 0:0 --rm -w /home/abi/fetcher -v /home/abi/fetcher/tmp:/home/abi/fetcher/tmp:ro -v /home/abi/fetcher/20230425:/home/abi/fetcher/20230425:rw registry.salsa.debian.org/reproducible-builds/diffoscope --no-progress tmp/yatracker_linker-0.1.8.tar.gz tmp/yatracker_linker-0.1.9.tar.gz --markdown 20230425/y/yatracker-linker/0.1.8-0.1.9/diff.md --exclude *.pyd
[2023-04-25 00:20:35] INFO root fetch - processPackages [pash-annotations]: Downloading https://files.pythonhosted.org/packages/7f/2d/36c48d2665e81ca185b6baf6005716259d3698f340a7adf861145899c2aa/pash-annotations-0.2.tar.gz
[2023-04-25 00:20:35] INFO root fetch - processPackages [streamlit-lang-tts]: Downloading https://files.pythonhosted.org/packages/b4/bb/5c2d2296bfc9dc6b06228e15d52c357646b0ac1e18753bccbb2b505b11ea/streamlit_lang_tts-0.0.1.tar.gz
[2023-04-25 00:20:35] INFO root fetch - processPackages [perfect-physics]: executing diffoscope
[2023-04-25 00:20:35] INFO root fetch - processPackages [perfect-physics]: podman run --user 0:0 --rm -w /home/abi/fetcher -v /home/abi/fetcher/tmp:/home/abi/fetcher/tmp:ro -v /home/abi/fetcher/20230425:/home/abi/fetcher/20230425:rw registry.salsa.debian.org/reproducible-builds/diffoscope --no-progress tmp/perfect_physics-0.1.5-py3-none-any.whl.zip tmp/perfect_physics-0.1.6-py3-none-any.whl.zip --markdown 20230425/p/perfect-physics/0.1.5-0.1.6/diff.md --exclude *.pyd
[2023-04-25 00:20:35] INFO root fetch - processPackages [tweepy]: Downloading https://files.pythonhosted.org/packages/4f/92/ab209175cec0290a0d3d6e0738873af70a2952aaecd1e85abda7467e1296/tweepy-4.8.0.tar.gz
[2023-04-25 00:20:35] INFO root fetch - processPackages [cochleogram]: Downloading https://files.pythonhosted.org/packages/8b/e8/d1b3ccbbe62e66d5c793e34a30da8d778f12299c10ae71bc37a28b9d9960/cochleogram-0.1.7.tar.gz
[2023-04-25 00:20:35] INFO root fetch - processPackages [dynast]: Downloading https://files.pythonhosted.org/packages/ea/e0/4595e5650ceca6fbc271eed9344e771075cdb1c669c981a04647c8253674/dynast-1.1.0rc4.tar.gz
[2023-04-25 00:20:36] INFO root fetch - processPackages [discovery-transition-ds]: executing diffoscope
[2023-04-25 00:20:36] INFO root fetch - processPackages [discovery-transition-ds]: podman run --user 0:0 --rm -w /home/abi/fetcher -v /home/abi/fetcher/tmp:/home/abi/fetcher/tmp:ro -v /home/abi/fetcher/20230425:/home/abi/fetcher/20230425:rw registry.salsa.debian.org/reproducible-builds/diffoscope --no-progress tmp/discovery-transition-ds-4.9.8.tar.gz tmp/discovery-transition-ds-4.9.9.tar.gz --markdown 20230425/d/discovery-transition-ds/4.9.8-4.9.9/diff.md --exclude *.pyd
[2023-04-25 00:20:36] INFO root fetch - processPackages [dynast]: Downloading https://files.pythonhosted.org/packages/34/21/124978e020d31aa7d62b2d3d94f8d5e8f6d84c0be8bb16f8e8c0d4b23794/dynast-1.1.1rc1.tar.gz
[2023-04-25 00:20:36] INFO root fetch - processPackages [domolibrary]: Downloading https://files.pythonhosted.org/packages/b1/fb/267a580387a554eb30937f984154eaffb30e0477fb1525e025f31b1c7ebd/domolibrary-0.0.83.tar.gz
[2023-04-25 00:20:36] INFO root fetch - processPackages [cochleogram]: Downloading https://files.pythonhosted.org/packages/03/df/09ccbdbb6ee7eeef4ab4a7f392ecf56d252d376354c9e8afbdf1b48ad998/cochleogram-0.1.8.tar.gz
[2023-04-25 00:20:36] INFO root fetch - processPackages [cochleogram]: executing diffoscope
[2023-04-25 00:20:36] INFO root fetch - processPackages [cochleogram]: podman run --user 0:0 --rm -w /home/abi/fetcher -v /home/abi/fetcher/tmp:/home/abi/fetcher/tmp:ro -v /home/abi/fetcher/20230425:/home/abi/fetcher/20230425:rw registry.salsa.debian.org/reproducible-builds/diffoscope --no-progress tmp/cochleogram-0.1.7.tar.gz tmp/cochleogram-0.1.8.tar.gz --markdown 20230425/c/cochleogram/0.1.7-0.1.8/diff.md --exclude *.pyd
[2023-04-25 00:20:36] INFO root fetch - processPackages [domolibrary]: executing diffoscope
[2023-04-25 00:20:36] INFO root fetch - processPackages [domolibrary]: podman run --user 0:0 --rm -w /home/abi/fetcher -v /home/abi/fetcher/tmp:/home/abi/fetcher/tmp:ro -v /home/abi/fetcher/20230425:/home/abi/fetcher/20230425:rw registry.salsa.debian.org/reproducible-builds/diffoscope --no-progress tmp/domolibrary-0.0.83.tar.gz tmp/domolibrary-0.0.9.tar.gz --markdown 20230425/d/domolibrary/0.0.83-0.0.9/diff.md --exclude *.pyd
[2023-04-25 00:20:36] INFO root fetch - processPackages [pash-annotations]: Downloading https://files.pythonhosted.org/packages/a7/0a/96d4d348fbcee2c770a5f0f87db3cf336aba50be3958b901f8d21629b0f5/pash-annotations-0.2.1.tar.gz
[2023-04-25 00:20:36] INFO root fetch - processPackages [streamlit-lang-tts]: Downloading https://files.pythonhosted.org/packages/15/70/dd440bf42f8987719cb4d93663be374f5614004b33ee987ac9d7e9e56e29/streamlit_lang_tts-0.0.2.tar.gz
[2023-04-25 00:20:36] INFO root fetch - processPackages [pash-annotations]: executing diffoscope
[2023-04-25 00:20:36] INFO root fetch - processPackages [pash-annotations]: podman run --user 0:0 --rm -w /home/abi/fetcher -v /home/abi/fetcher/tmp:/home/abi/fetcher/tmp:ro -v /home/abi/fetcher/20230425:/home/abi/fetcher/20230425:rw registry.salsa.debian.org/reproducible-builds/diffoscope --no-progress tmp/pash-annotations-0.2.tar.gz tmp/pash-annotations-0.2.1.tar.gz --markdown 20230425/p/pash-annotations/0.2-0.2.1/diff.md --exclude *.pyd
[2023-04-25 00:20:36] INFO root fetch - processPackages [dynast]: executing diffoscope
[2023-04-25 00:20:36] INFO root fetch - processPackages [dynast]: podman run --user 0:0 --rm -w /home/abi/fetcher -v /home/abi/fetcher/tmp:/home/abi/fetcher/tmp:ro -v /home/abi/fetcher/20230425:/home/abi/fetcher/20230425:rw registry.salsa.debian.org/reproducible-builds/diffoscope --no-progress tmp/dynast-1.1.0rc4.tar.gz tmp/dynast-1.1.1rc1.tar.gz --markdown 20230425/d/dynast/1.1.0rc4-1.1.1rc1/diff.md --exclude *.pyd
[2023-04-25 00:20:36] INFO root fetch - processPackages [streamlit-lang-tts]: executing diffoscope
[2023-04-25 00:20:36] INFO root fetch - processPackages [streamlit-lang-tts]: podman run --user 0:0 --rm -w /home/abi/fetcher -v /home/abi/fetcher/tmp:/home/abi/fetcher/tmp:ro -v /home/abi/fetcher/20230425:/home/abi/fetcher/20230425:rw registry.salsa.debian.org/reproducible-builds/diffoscope --no-progress tmp/streamlit_lang_tts-0.0.1.tar.gz tmp/streamlit_lang_tts-0.0.2.tar.gz --markdown 20230425/s/streamlit-lang-tts/0.0.1-0.0.2/diff.md --exclude *.pyd
[2023-04-25 00:20:36] INFO root fetch - processPackages [tweepy]: Downloading https://files.pythonhosted.org/packages/04/71/679d75c0e71c2be117e164c2aec5c5b7537b57264c6b395fc1e206768376/tweepy-4.9.0.tar.gz
[2023-04-25 00:20:37] INFO root fetch - processPackages [tweepy]: executing diffoscope
[2023-04-25 00:20:37] INFO root fetch - processPackages [tweepy]: podman run --user 0:0 --rm -w /home/abi/fetcher -v /home/abi/fetcher/tmp:/home/abi/fetcher/tmp:ro -v /home/abi/fetcher/20230425:/home/abi/fetcher/20230425:rw registry.salsa.debian.org/reproducible-builds/diffoscope --no-progress tmp/tweepy-4.8.0.tar.gz tmp/tweepy-4.9.0.tar.gz --markdown 20230425/t/tweepy/4.8.0-4.9.0/diff.md --exclude *.pyd
[2023-04-25 00:20:37] INFO root fetch - main [MainThread]: End processing [perfect-physics]: success
[2023-04-25 00:20:37] INFO root fetch - main [MainThread]: End processing [yatracker-linker]: success
[2023-04-25 00:20:38] INFO root fetch - main [MainThread]: End processing [streamlit-lang-tts]: success
[2023-04-25 00:20:38] INFO root fetch - main [MainThread]: End processing [pash-annotations]: success
[2023-04-25 00:20:38] INFO root fetch - main [MainThread]: End processing [tweepy]: success
[2023-04-25 00:20:38] INFO root fetch - main [MainThread]: End processing [dynast]: success
[2023-04-25 00:20:38] INFO root fetch - main [MainThread]: End processing [cochleogram]: success
[2023-04-25 00:20:39] INFO root fetch - main [MainThread]: End processing [discovery-transition-ds]: success
[2023-04-25 00:20:40] INFO root fetch - main [MainThread]: End processing [domolibrary]: success
[2023-04-25 00:20:40] INFO root fetch - main [MainThread]: Store serial: [17840086]
